<?xml version="1.0" encoding="UTF-8"?>
<!-- Generated by org.testng.reporters.JUnitXMLReporter -->
<testsuite hostname="DESKTOP-27L8JE7" ignored="0" name="FirefoxTest" tests="4" failures="1" timestamp="09 Apr 2020 03:38:57 GMT" time="121.157" errors="0">
  <testcase name="@BeforeMethod startProcess" time="2.448" classname="com.project.Ecommerce.TC_002">
    <failure type="org.openqa.selenium.InvalidArgumentException" message="invalid argument: user data directory is already in use, please specify a unique value for --user-data-dir argument, or don&amp;apos;t use --user-data-dir
Build info: version: &amp;apos;3.141.59&amp;apos;, revision: &amp;apos;e82be7d358&amp;apos;, time: &amp;apos;2018-11-14T08:17:03&amp;apos;
System info: host: &amp;apos;DESKTOP-27L8JE7&amp;apos;, ip: &amp;apos;10.0.0.3&amp;apos;, os.name: &amp;apos;Windows 10&amp;apos;, os.arch: &amp;apos;amd64&amp;apos;, os.version: &amp;apos;10.0&amp;apos;, java.version: &amp;apos;1.8.0_241&amp;apos;
Driver info: driver.version: ChromeDriver
remote stacktrace: Backtrace:
	Ordinal0 [0x00A00C83+1707139]
	Ordinal0 [0x009668F1+1075441]
	Ordinal0 [0x008DDFC9+516041]
	Ordinal0 [0x0086D310+54032]
	Ordinal0 [0x0088BFD7+180183]
	Ordinal0 [0x0088BDDD+179677]
	Ordinal0 [0x00889D4B+171339]
	Ordinal0 [0x00871D4A+73034]
	Ordinal0 [0x00872DC0+77248]
	Ordinal0 [0x00872D59+77145]
	Ordinal0 [0x0097BB67+1162087]
	GetHandleVerifier [0x00A9A966+508998]
	GetHandleVerifier [0x00A9A6A4+508292]
	GetHandleVerifier [0x00AAF7B7+594583]
	GetHandleVerifier [0x00A9B1D6+511158]
	Ordinal0 [0x0097402C+1130540]
	Ordinal0 [0x0097D4CB+1168587]
	Ordinal0 [0x0097D633+1168947]
	Ordinal0 [0x00995B35+1268533]
	BaseThreadInitThunk [0x76E96359+25]
	RtlGetAppContainerNamedObjectPath [0x77937B74+228]
	RtlGetAppContainerNamedObjectPath [0x77937B44+180]
">
      <![CDATA[org.openqa.selenium.InvalidArgumentException: invalid argument: user data directory is already in use, please specify a unique value for --user-data-dir argument, or don't use --user-data-dir
Build info: version: '3.141.59', revision: 'e82be7d358', time: '2018-11-14T08:17:03'
System info: host: 'DESKTOP-27L8JE7', ip: '10.0.0.3', os.name: 'Windows 10', os.arch: 'amd64', os.version: '10.0', java.version: '1.8.0_241'
Driver info: driver.version: ChromeDriver
remote stacktrace: Backtrace:
Ordinal0 [0x00A00C83+1707139]
Ordinal0 [0x009668F1+1075441]
Ordinal0 [0x008DDFC9+516041]
Ordinal0 [0x0086D310+54032]
Ordinal0 [0x0088BFD7+180183]
Ordinal0 [0x0088BDDD+179677]
Ordinal0 [0x00889D4B+171339]
Ordinal0 [0x00871D4A+73034]
Ordinal0 [0x00872DC0+77248]
Ordinal0 [0x00872D59+77145]
Ordinal0 [0x0097BB67+1162087]
GetHandleVerifier [0x00A9A966+508998]
GetHandleVerifier [0x00A9A6A4+508292]
GetHandleVerifier [0x00AAF7B7+594583]
GetHandleVerifier [0x00A9B1D6+511158]
Ordinal0 [0x0097402C+1130540]
Ordinal0 [0x0097D4CB+1168587]
Ordinal0 [0x0097D633+1168947]
Ordinal0 [0x00995B35+1268533]
BaseThreadInitThunk [0x76E96359+25]
RtlGetAppContainerNamedObjectPath [0x77937B74+228]
RtlGetAppContainerNamedObjectPath [0x77937B44+180]

at org.openqa.selenium.remote.W3CHandshakeResponse.lambda$errorHandler$0(W3CHandshakeResponse.java:62)
at org.openqa.selenium.remote.HandshakeResponse.lambda$getResponseFunction$0(HandshakeResponse.java:30)
at org.openqa.selenium.remote.ProtocolHandshake.lambda$createSession$0(ProtocolHandshake.java:126)
at java.util.stream.ReferencePipeline$3$1.accept(Unknown Source)
at java.util.Spliterators$ArraySpliterator.tryAdvance(Unknown Source)
at java.util.stream.ReferencePipeline.forEachWithCancel(Unknown Source)
at java.util.stream.AbstractPipeline.copyIntoWithCancel(Unknown Source)
at java.util.stream.AbstractPipeline.copyInto(Unknown Source)
at java.util.stream.AbstractPipeline.wrapAndCopyInto(Unknown Source)
at java.util.stream.FindOps$FindOp.evaluateSequential(Unknown Source)
at java.util.stream.AbstractPipeline.evaluate(Unknown Source)
at java.util.stream.ReferencePipeline.findFirst(Unknown Source)
at org.openqa.selenium.remote.ProtocolHandshake.createSession(ProtocolHandshake.java:128)
at org.openqa.selenium.remote.ProtocolHandshake.createSession(ProtocolHandshake.java:74)
at org.openqa.selenium.remote.HttpCommandExecutor.execute(HttpCommandExecutor.java:136)
at org.openqa.selenium.remote.service.DriverCommandExecutor.execute(DriverCommandExecutor.java:83)
at org.openqa.selenium.remote.RemoteWebDriver.execute(RemoteWebDriver.java:552)
at org.openqa.selenium.remote.RemoteWebDriver.startSession(RemoteWebDriver.java:213)
at org.openqa.selenium.remote.RemoteWebDriver.<init>(RemoteWebDriver.java:131)
at org.openqa.selenium.chrome.ChromeDriver.<init>(ChromeDriver.java:181)
at org.openqa.selenium.chrome.ChromeDriver.<init>(ChromeDriver.java:168)
at org.openqa.selenium.chrome.ChromeDriver.<init>(ChromeDriver.java:157)
at com.project.Ecommerce.BaseTest.openBrowser(BaseTest.java:83)
at com.project.Ecommerce.TC_002.startProcess(TC_002.java:23)
at java.util.concurrent.FutureTask.run(Unknown Source)
at java.util.concurrent.ThreadPoolExecutor.runWorker(Unknown Source)
at java.util.concurrent.ThreadPoolExecutor$Worker.run(Unknown Source)
at java.lang.Thread.run(Unknown Source)
... Removed 23 stack frames]]>
    </failure>
  </testcase> <!-- @BeforeMethod startProcess -->
  <testcase name="@AfterMethod endProcess" time="0.0" classname="com.project.Ecommerce.TC_002">
    <skipped/>
  </testcase> <!-- @AfterMethod endProcess -->
  <testcase name="@BeforeMethod setup" time="2.37" classname="com.project.Ecommerce.LinksTesting1">
    <failure type="org.openqa.selenium.InvalidArgumentException" message="invalid argument: user data directory is already in use, please specify a unique value for --user-data-dir argument, or don&amp;apos;t use --user-data-dir
Build info: version: &amp;apos;3.141.59&amp;apos;, revision: &amp;apos;e82be7d358&amp;apos;, time: &amp;apos;2018-11-14T08:17:03&amp;apos;
System info: host: &amp;apos;DESKTOP-27L8JE7&amp;apos;, ip: &amp;apos;10.0.0.3&amp;apos;, os.name: &amp;apos;Windows 10&amp;apos;, os.arch: &amp;apos;amd64&amp;apos;, os.version: &amp;apos;10.0&amp;apos;, java.version: &amp;apos;1.8.0_241&amp;apos;
Driver info: driver.version: ChromeDriver
remote stacktrace: Backtrace:
	Ordinal0 [0x00A00C83+1707139]
	Ordinal0 [0x009668F1+1075441]
	Ordinal0 [0x008DDFC9+516041]
	Ordinal0 [0x0086D310+54032]
	Ordinal0 [0x0088BFD7+180183]
	Ordinal0 [0x0088BDDD+179677]
	Ordinal0 [0x00889D4B+171339]
	Ordinal0 [0x00871D4A+73034]
	Ordinal0 [0x00872DC0+77248]
	Ordinal0 [0x00872D59+77145]
	Ordinal0 [0x0097BB67+1162087]
	GetHandleVerifier [0x00A9A966+508998]
	GetHandleVerifier [0x00A9A6A4+508292]
	GetHandleVerifier [0x00AAF7B7+594583]
	GetHandleVerifier [0x00A9B1D6+511158]
	Ordinal0 [0x0097402C+1130540]
	Ordinal0 [0x0097D4CB+1168587]
	Ordinal0 [0x0097D633+1168947]
	Ordinal0 [0x00995B35+1268533]
	BaseThreadInitThunk [0x76E96359+25]
	RtlGetAppContainerNamedObjectPath [0x77937B74+228]
	RtlGetAppContainerNamedObjectPath [0x77937B44+180]
">
      <![CDATA[org.openqa.selenium.InvalidArgumentException: invalid argument: user data directory is already in use, please specify a unique value for --user-data-dir argument, or don't use --user-data-dir
Build info: version: '3.141.59', revision: 'e82be7d358', time: '2018-11-14T08:17:03'
System info: host: 'DESKTOP-27L8JE7', ip: '10.0.0.3', os.name: 'Windows 10', os.arch: 'amd64', os.version: '10.0', java.version: '1.8.0_241'
Driver info: driver.version: ChromeDriver
remote stacktrace: Backtrace:
Ordinal0 [0x00A00C83+1707139]
Ordinal0 [0x009668F1+1075441]
Ordinal0 [0x008DDFC9+516041]
Ordinal0 [0x0086D310+54032]
Ordinal0 [0x0088BFD7+180183]
Ordinal0 [0x0088BDDD+179677]
Ordinal0 [0x00889D4B+171339]
Ordinal0 [0x00871D4A+73034]
Ordinal0 [0x00872DC0+77248]
Ordinal0 [0x00872D59+77145]
Ordinal0 [0x0097BB67+1162087]
GetHandleVerifier [0x00A9A966+508998]
GetHandleVerifier [0x00A9A6A4+508292]
GetHandleVerifier [0x00AAF7B7+594583]
GetHandleVerifier [0x00A9B1D6+511158]
Ordinal0 [0x0097402C+1130540]
Ordinal0 [0x0097D4CB+1168587]
Ordinal0 [0x0097D633+1168947]
Ordinal0 [0x00995B35+1268533]
BaseThreadInitThunk [0x76E96359+25]
RtlGetAppContainerNamedObjectPath [0x77937B74+228]
RtlGetAppContainerNamedObjectPath [0x77937B44+180]

at org.openqa.selenium.remote.W3CHandshakeResponse.lambda$errorHandler$0(W3CHandshakeResponse.java:62)
at org.openqa.selenium.remote.HandshakeResponse.lambda$getResponseFunction$0(HandshakeResponse.java:30)
at org.openqa.selenium.remote.ProtocolHandshake.lambda$createSession$0(ProtocolHandshake.java:126)
at java.util.stream.ReferencePipeline$3$1.accept(Unknown Source)
at java.util.Spliterators$ArraySpliterator.tryAdvance(Unknown Source)
at java.util.stream.ReferencePipeline.forEachWithCancel(Unknown Source)
at java.util.stream.AbstractPipeline.copyIntoWithCancel(Unknown Source)
at java.util.stream.AbstractPipeline.copyInto(Unknown Source)
at java.util.stream.AbstractPipeline.wrapAndCopyInto(Unknown Source)
at java.util.stream.FindOps$FindOp.evaluateSequential(Unknown Source)
at java.util.stream.AbstractPipeline.evaluate(Unknown Source)
at java.util.stream.ReferencePipeline.findFirst(Unknown Source)
at org.openqa.selenium.remote.ProtocolHandshake.createSession(ProtocolHandshake.java:128)
at org.openqa.selenium.remote.ProtocolHandshake.createSession(ProtocolHandshake.java:74)
at org.openqa.selenium.remote.HttpCommandExecutor.execute(HttpCommandExecutor.java:136)
at org.openqa.selenium.remote.service.DriverCommandExecutor.execute(DriverCommandExecutor.java:83)
at org.openqa.selenium.remote.RemoteWebDriver.execute(RemoteWebDriver.java:552)
at org.openqa.selenium.remote.RemoteWebDriver.startSession(RemoteWebDriver.java:213)
at org.openqa.selenium.remote.RemoteWebDriver.<init>(RemoteWebDriver.java:131)
at org.openqa.selenium.chrome.ChromeDriver.<init>(ChromeDriver.java:181)
at org.openqa.selenium.chrome.ChromeDriver.<init>(ChromeDriver.java:168)
at org.openqa.selenium.chrome.ChromeDriver.<init>(ChromeDriver.java:157)
at com.project.Ecommerce.BaseTest.openBrowser(BaseTest.java:83)
at com.project.Ecommerce.LinksTesting1.setup(LinksTesting1.java:24)
at java.util.concurrent.FutureTask.run(Unknown Source)
at java.util.concurrent.ThreadPoolExecutor.runWorker(Unknown Source)
at java.util.concurrent.ThreadPoolExecutor$Worker.run(Unknown Source)
at java.lang.Thread.run(Unknown Source)
... Removed 23 stack frames]]>
    </failure>
  </testcase> <!-- @BeforeMethod setup -->
  <testcase name="@AfterMethod tearDown" time="0.0" classname="com.project.Ecommerce.LinksTesting1">
    <skipped/>
  </testcase> <!-- @AfterMethod tearDown -->
  <testcase name="@BeforeMethod beforeMethod" time="2.204" classname="com.project.Ecommerce.RadioButton1">
    <failure type="org.openqa.selenium.InvalidArgumentException" message="invalid argument: user data directory is already in use, please specify a unique value for --user-data-dir argument, or don&amp;apos;t use --user-data-dir
Build info: version: &amp;apos;3.141.59&amp;apos;, revision: &amp;apos;e82be7d358&amp;apos;, time: &amp;apos;2018-11-14T08:17:03&amp;apos;
System info: host: &amp;apos;DESKTOP-27L8JE7&amp;apos;, ip: &amp;apos;10.0.0.3&amp;apos;, os.name: &amp;apos;Windows 10&amp;apos;, os.arch: &amp;apos;amd64&amp;apos;, os.version: &amp;apos;10.0&amp;apos;, java.version: &amp;apos;1.8.0_241&amp;apos;
Driver info: driver.version: ChromeDriver
remote stacktrace: Backtrace:
	Ordinal0 [0x00A00C83+1707139]
	Ordinal0 [0x009668F1+1075441]
	Ordinal0 [0x008DDFC9+516041]
	Ordinal0 [0x0086D310+54032]
	Ordinal0 [0x0088BFD7+180183]
	Ordinal0 [0x0088BDDD+179677]
	Ordinal0 [0x00889D4B+171339]
	Ordinal0 [0x00871D4A+73034]
	Ordinal0 [0x00872DC0+77248]
	Ordinal0 [0x00872D59+77145]
	Ordinal0 [0x0097BB67+1162087]
	GetHandleVerifier [0x00A9A966+508998]
	GetHandleVerifier [0x00A9A6A4+508292]
	GetHandleVerifier [0x00AAF7B7+594583]
	GetHandleVerifier [0x00A9B1D6+511158]
	Ordinal0 [0x0097402C+1130540]
	Ordinal0 [0x0097D4CB+1168587]
	Ordinal0 [0x0097D633+1168947]
	Ordinal0 [0x00995B35+1268533]
	BaseThreadInitThunk [0x76E96359+25]
	RtlGetAppContainerNamedObjectPath [0x77937B74+228]
	RtlGetAppContainerNamedObjectPath [0x77937B44+180]
">
      <![CDATA[org.openqa.selenium.InvalidArgumentException: invalid argument: user data directory is already in use, please specify a unique value for --user-data-dir argument, or don't use --user-data-dir
Build info: version: '3.141.59', revision: 'e82be7d358', time: '2018-11-14T08:17:03'
System info: host: 'DESKTOP-27L8JE7', ip: '10.0.0.3', os.name: 'Windows 10', os.arch: 'amd64', os.version: '10.0', java.version: '1.8.0_241'
Driver info: driver.version: ChromeDriver
remote stacktrace: Backtrace:
Ordinal0 [0x00A00C83+1707139]
Ordinal0 [0x009668F1+1075441]
Ordinal0 [0x008DDFC9+516041]
Ordinal0 [0x0086D310+54032]
Ordinal0 [0x0088BFD7+180183]
Ordinal0 [0x0088BDDD+179677]
Ordinal0 [0x00889D4B+171339]
Ordinal0 [0x00871D4A+73034]
Ordinal0 [0x00872DC0+77248]
Ordinal0 [0x00872D59+77145]
Ordinal0 [0x0097BB67+1162087]
GetHandleVerifier [0x00A9A966+508998]
GetHandleVerifier [0x00A9A6A4+508292]
GetHandleVerifier [0x00AAF7B7+594583]
GetHandleVerifier [0x00A9B1D6+511158]
Ordinal0 [0x0097402C+1130540]
Ordinal0 [0x0097D4CB+1168587]
Ordinal0 [0x0097D633+1168947]
Ordinal0 [0x00995B35+1268533]
BaseThreadInitThunk [0x76E96359+25]
RtlGetAppContainerNamedObjectPath [0x77937B74+228]
RtlGetAppContainerNamedObjectPath [0x77937B44+180]

at org.openqa.selenium.remote.W3CHandshakeResponse.lambda$errorHandler$0(W3CHandshakeResponse.java:62)
at org.openqa.selenium.remote.HandshakeResponse.lambda$getResponseFunction$0(HandshakeResponse.java:30)
at org.openqa.selenium.remote.ProtocolHandshake.lambda$createSession$0(ProtocolHandshake.java:126)
at java.util.stream.ReferencePipeline$3$1.accept(Unknown Source)
at java.util.Spliterators$ArraySpliterator.tryAdvance(Unknown Source)
at java.util.stream.ReferencePipeline.forEachWithCancel(Unknown Source)
at java.util.stream.AbstractPipeline.copyIntoWithCancel(Unknown Source)
at java.util.stream.AbstractPipeline.copyInto(Unknown Source)
at java.util.stream.AbstractPipeline.wrapAndCopyInto(Unknown Source)
at java.util.stream.FindOps$FindOp.evaluateSequential(Unknown Source)
at java.util.stream.AbstractPipeline.evaluate(Unknown Source)
at java.util.stream.ReferencePipeline.findFirst(Unknown Source)
at org.openqa.selenium.remote.ProtocolHandshake.createSession(ProtocolHandshake.java:128)
at org.openqa.selenium.remote.ProtocolHandshake.createSession(ProtocolHandshake.java:74)
at org.openqa.selenium.remote.HttpCommandExecutor.execute(HttpCommandExecutor.java:136)
at org.openqa.selenium.remote.service.DriverCommandExecutor.execute(DriverCommandExecutor.java:83)
at org.openqa.selenium.remote.RemoteWebDriver.execute(RemoteWebDriver.java:552)
at org.openqa.selenium.remote.RemoteWebDriver.startSession(RemoteWebDriver.java:213)
at org.openqa.selenium.remote.RemoteWebDriver.<init>(RemoteWebDriver.java:131)
at org.openqa.selenium.chrome.ChromeDriver.<init>(ChromeDriver.java:181)
at org.openqa.selenium.chrome.ChromeDriver.<init>(ChromeDriver.java:168)
at org.openqa.selenium.chrome.ChromeDriver.<init>(ChromeDriver.java:157)
at com.project.Ecommerce.BaseTest.openBrowser(BaseTest.java:83)
at com.project.Ecommerce.RadioButton1.beforeMethod(RadioButton1.java:26)
at java.util.concurrent.FutureTask.run(Unknown Source)
at java.util.concurrent.ThreadPoolExecutor.runWorker(Unknown Source)
at java.util.concurrent.ThreadPoolExecutor$Worker.run(Unknown Source)
at java.lang.Thread.run(Unknown Source)
... Removed 23 stack frames]]>
    </failure>
  </testcase> <!-- @BeforeMethod beforeMethod -->
  <testcase name="@AfterMethod afterMethod" time="0.0" classname="com.project.Ecommerce.RadioButton1">
    <skipped/>
  </testcase> <!-- @AfterMethod afterMethod -->
  <testcase name="checkboxTest" time="8.38" classname="com.project.Ecommerce.CheckBox1">
    <failure type="org.openqa.selenium.WebDriverException" message="java.net.ConnectException: Failed to connect to localhost/0:0:0:0:0:0:0:1:18433
Build info: version: &amp;apos;3.141.59&amp;apos;, revision: &amp;apos;e82be7d358&amp;apos;, time: &amp;apos;2018-11-14T08:17:03&amp;apos;
System info: host: &amp;apos;DESKTOP-27L8JE7&amp;apos;, ip: &amp;apos;10.0.0.3&amp;apos;, os.name: &amp;apos;Windows 10&amp;apos;, os.arch: &amp;apos;amd64&amp;apos;, os.version: &amp;apos;10.0&amp;apos;, java.version: &amp;apos;1.8.0_241&amp;apos;
Driver info: driver.version: RemoteWebDriver">
      <![CDATA[org.openqa.selenium.WebDriverException: java.net.ConnectException: Failed to connect to localhost/0:0:0:0:0:0:0:1:18433
Build info: version: '3.141.59', revision: 'e82be7d358', time: '2018-11-14T08:17:03'
System info: host: 'DESKTOP-27L8JE7', ip: '10.0.0.3', os.name: 'Windows 10', os.arch: 'amd64', os.version: '10.0', java.version: '1.8.0_241'
Driver info: driver.version: RemoteWebDriver
at org.openqa.selenium.remote.service.DriverCommandExecutor.execute(DriverCommandExecutor.java:92)
at org.openqa.selenium.remote.RemoteWebDriver.execute(RemoteWebDriver.java:552)
at org.openqa.selenium.remote.RemoteWebDriver.findElements(RemoteWebDriver.java:353)
at org.openqa.selenium.remote.RemoteWebDriver.findElementsByXPath(RemoteWebDriver.java:432)
at org.openqa.selenium.By$ByXPath.findElements(By.java:348)
at org.openqa.selenium.remote.RemoteWebDriver.findElements(RemoteWebDriver.java:311)
at com.project.Ecommerce.CheckBox1.checkboxTest(CheckBox1.java:37)
at java.util.concurrent.FutureTask.run(Unknown Source)
at java.util.concurrent.ThreadPoolExecutor.runWorker(Unknown Source)
at java.util.concurrent.ThreadPoolExecutor$Worker.run(Unknown Source)
at java.lang.Thread.run(Unknown Source)
Caused by: java.net.ConnectException: Failed to connect to localhost/0:0:0:0:0:0:0:1:18433
at okhttp3.internal.connection.RealConnection.connectSocket(RealConnection.java:247)
at okhttp3.internal.connection.RealConnection.connect(RealConnection.java:165)
at okhttp3.internal.connection.StreamAllocation.findConnection(StreamAllocation.java:257)
at okhttp3.internal.connection.StreamAllocation.findHealthyConnection(StreamAllocation.java:135)
at okhttp3.internal.connection.StreamAllocation.newStream(StreamAllocation.java:114)
at okhttp3.internal.connection.ConnectInterceptor.intercept(ConnectInterceptor.java:42)
at okhttp3.internal.http.RealInterceptorChain.proceed(RealInterceptorChain.java:147)
at okhttp3.internal.http.RealInterceptorChain.proceed(RealInterceptorChain.java:121)
at okhttp3.internal.cache.CacheInterceptor.intercept(CacheInterceptor.java:93)
at okhttp3.internal.http.RealInterceptorChain.proceed(RealInterceptorChain.java:147)
at okhttp3.internal.http.RealInterceptorChain.proceed(RealInterceptorChain.java:121)
at okhttp3.internal.http.BridgeInterceptor.intercept(BridgeInterceptor.java:93)
at okhttp3.internal.http.RealInterceptorChain.proceed(RealInterceptorChain.java:147)
at okhttp3.internal.http.RetryAndFollowUpInterceptor.intercept(RetryAndFollowUpInterceptor.java:126)
at okhttp3.internal.http.RealInterceptorChain.proceed(RealInterceptorChain.java:147)
at okhttp3.internal.http.RealInterceptorChain.proceed(RealInterceptorChain.java:121)
at okhttp3.RealCall.getResponseWithInterceptorChain(RealCall.java:200)
at okhttp3.RealCall.execute(RealCall.java:77)
at org.openqa.selenium.remote.internal.OkHttpClient.execute(OkHttpClient.java:103)
at org.openqa.selenium.remote.HttpCommandExecutor.execute(HttpCommandExecutor.java:155)
at org.openqa.selenium.remote.service.DriverCommandExecutor.execute(DriverCommandExecutor.java:83)
... 26 more
Caused by: java.net.ConnectException: Connection refused: connect
at java.net.DualStackPlainSocketImpl.waitForConnect(Native Method)
at java.net.DualStackPlainSocketImpl.socketConnect(Unknown Source)
at java.net.AbstractPlainSocketImpl.doConnect(Unknown Source)
at java.net.AbstractPlainSocketImpl.connectToAddress(Unknown Source)
at java.net.AbstractPlainSocketImpl.connect(Unknown Source)
at java.net.PlainSocketImpl.connect(Unknown Source)
at java.net.SocksSocketImpl.connect(Unknown Source)
at java.net.Socket.connect(Unknown Source)
at okhttp3.internal.platform.Platform.connectSocket(Platform.java:129)
at okhttp3.internal.connection.RealConnection.connectSocket(RealConnection.java:245)
... 46 more
... Removed 16 stack frames]]>
    </failure>
  </testcase> <!-- checkboxTest -->
  <testcase name="amazon" time="3.238" classname="com.project.Ecommerce.TC_002"/>
  <testcase name="linktesting1" time="2.74" classname="com.project.Ecommerce.LinksTesting1"/>
  <testcase name="radioTest" time="3.282" classname="com.project.Ecommerce.RadioButton1"/>
</testsuite> <!-- FirefoxTest -->
