<?xml version="1.0" encoding="UTF-8"?>
<!-- Generated by org.testng.reporters.JUnitReportReporter -->
<testsuite skipped="1" hostname="DESKTOP-27L8JE7" name="com.project.Ecommerce.LinksTesting1" tests="3" failures="0" timestamp="09 Apr 2020 03:38:58 GMT" time="27.379" errors="1">
  <testcase name="linktesting1" time="0.000" classname="com.project.Ecommerce.LinksTesting1">
    <skipped/>
  </testcase> <!-- linktesting1 -->
  <testcase name="linktesting1" time="25.009" classname="com.project.Ecommerce.LinksTesting1"/>
  <testcase name="setup" time="2.370" classname="com.project.Ecommerce.LinksTesting1">
    <error type="org.openqa.selenium.InvalidArgumentException" message="invalid argument: user data directory is already in use, please specify a unique value for --user-data-dir argument, or don&#039;t use --user-data-dir
Build info: version: &#039;3.141.59&#039;, revision: &#039;e82be7d358&#039;, time: &#039;2018-11-14T08:17:03&#039;
System info: host: &#039;DESKTOP-27L8JE7&#039;, ip: &#039;10.0.0.3&#039;, os.name: &#039;Windows 10&#039;, os.arch: &#039;amd64&#039;, os.version: &#039;10.0&#039;, java.version: &#039;1.8.0_241&#039;
Driver info: driver.version: ChromeDriver
remote stacktrace: Backtrace:
	Ordinal0 [0x00A00C83+1707139]
	Ordinal0 [0x009668F1+1075441]
	Ordinal0 [0x008DDFC9+516041]
	Ordinal0 [0x0086D310+54032]
	Ordinal0 [0x0088BFD7+180183]
	Ordinal0 [0x0088BDDD+179677]
	Ordinal0 [0x00889D4B+171339]
	Ordinal0 [0x00871D4A+73034]
	Ordinal0 [0x00872DC0+77248]
	Ordinal0 [0x00872D59+77145]
	Ordinal0 [0x0097BB67+1162087]
	GetHandleVerifier [0x00A9A966+508998]
	GetHandleVerifier [0x00A9A6A4+508292]
	GetHandleVerifier [0x00AAF7B7+594583]
	GetHandleVerifier [0x00A9B1D6+511158]
	Ordinal0 [0x0097402C+1130540]
	Ordinal0 [0x0097D4CB+1168587]
	Ordinal0 [0x0097D633+1168947]
	Ordinal0 [0x00995B35+1268533]
	BaseThreadInitThunk [0x76E96359+25]
	RtlGetAppContainerNamedObjectPath [0x77937B74+228]
	RtlGetAppContainerNamedObjectPath [0x77937B44+180]
">
      <![CDATA[org.openqa.selenium.InvalidArgumentException: invalid argument: user data directory is already in use, please specify a unique value for --user-data-dir argument, or don't use --user-data-dir
Build info: version: '3.141.59', revision: 'e82be7d358', time: '2018-11-14T08:17:03'
System info: host: 'DESKTOP-27L8JE7', ip: '10.0.0.3', os.name: 'Windows 10', os.arch: 'amd64', os.version: '10.0', java.version: '1.8.0_241'
Driver info: driver.version: ChromeDriver
remote stacktrace: Backtrace:
Ordinal0 [0x00A00C83+1707139]
Ordinal0 [0x009668F1+1075441]
Ordinal0 [0x008DDFC9+516041]
Ordinal0 [0x0086D310+54032]
Ordinal0 [0x0088BFD7+180183]
Ordinal0 [0x0088BDDD+179677]
Ordinal0 [0x00889D4B+171339]
Ordinal0 [0x00871D4A+73034]
Ordinal0 [0x00872DC0+77248]
Ordinal0 [0x00872D59+77145]
Ordinal0 [0x0097BB67+1162087]
GetHandleVerifier [0x00A9A966+508998]
GetHandleVerifier [0x00A9A6A4+508292]
GetHandleVerifier [0x00AAF7B7+594583]
GetHandleVerifier [0x00A9B1D6+511158]
Ordinal0 [0x0097402C+1130540]
Ordinal0 [0x0097D4CB+1168587]
Ordinal0 [0x0097D633+1168947]
Ordinal0 [0x00995B35+1268533]
BaseThreadInitThunk [0x76E96359+25]
RtlGetAppContainerNamedObjectPath [0x77937B74+228]
RtlGetAppContainerNamedObjectPath [0x77937B44+180]

at sun.reflect.NativeConstructorAccessorImpl.newInstance0(Native Method)
at sun.reflect.NativeConstructorAccessorImpl.newInstance(Unknown Source)
at sun.reflect.DelegatingConstructorAccessorImpl.newInstance(Unknown Source)
at java.lang.reflect.Constructor.newInstance(Unknown Source)
at org.openqa.selenium.remote.W3CHandshakeResponse.lambda$errorHandler$0(W3CHandshakeResponse.java:62)
at org.openqa.selenium.remote.HandshakeResponse.lambda$getResponseFunction$0(HandshakeResponse.java:30)
at org.openqa.selenium.remote.ProtocolHandshake.lambda$createSession$0(ProtocolHandshake.java:126)
at java.util.stream.ReferencePipeline$3$1.accept(Unknown Source)
at java.util.Spliterators$ArraySpliterator.tryAdvance(Unknown Source)
at java.util.stream.ReferencePipeline.forEachWithCancel(Unknown Source)
at java.util.stream.AbstractPipeline.copyIntoWithCancel(Unknown Source)
at java.util.stream.AbstractPipeline.copyInto(Unknown Source)
at java.util.stream.AbstractPipeline.wrapAndCopyInto(Unknown Source)
at java.util.stream.FindOps$FindOp.evaluateSequential(Unknown Source)
at java.util.stream.AbstractPipeline.evaluate(Unknown Source)
at java.util.stream.ReferencePipeline.findFirst(Unknown Source)
at org.openqa.selenium.remote.ProtocolHandshake.createSession(ProtocolHandshake.java:128)
at org.openqa.selenium.remote.ProtocolHandshake.createSession(ProtocolHandshake.java:74)
at org.openqa.selenium.remote.HttpCommandExecutor.execute(HttpCommandExecutor.java:136)
at org.openqa.selenium.remote.service.DriverCommandExecutor.execute(DriverCommandExecutor.java:83)
at org.openqa.selenium.remote.RemoteWebDriver.execute(RemoteWebDriver.java:552)
at org.openqa.selenium.remote.RemoteWebDriver.startSession(RemoteWebDriver.java:213)
at org.openqa.selenium.remote.RemoteWebDriver.<init>(RemoteWebDriver.java:131)
at org.openqa.selenium.chrome.ChromeDriver.<init>(ChromeDriver.java:181)
at org.openqa.selenium.chrome.ChromeDriver.<init>(ChromeDriver.java:168)
at org.openqa.selenium.chrome.ChromeDriver.<init>(ChromeDriver.java:157)
at com.project.Ecommerce.BaseTest.openBrowser(BaseTest.java:83)
at com.project.Ecommerce.LinksTesting1.setup(LinksTesting1.java:24)
at sun.reflect.NativeMethodAccessorImpl.invoke0(Native Method)
at sun.reflect.NativeMethodAccessorImpl.invoke(Unknown Source)
at sun.reflect.DelegatingMethodAccessorImpl.invoke(Unknown Source)
at java.lang.reflect.Method.invoke(Unknown Source)
at org.testng.internal.MethodInvocationHelper.invokeMethod(MethodInvocationHelper.java:124)
at org.testng.internal.MethodInvocationHelper.invokeMethodConsideringTimeout(MethodInvocationHelper.java:59)
at org.testng.internal.Invoker.invokeConfigurationMethod(Invoker.java:458)
at org.testng.internal.Invoker.invokeConfigurations(Invoker.java:222)
at org.testng.internal.Invoker.invokeMethod(Invoker.java:523)
at org.testng.internal.Invoker.invokeTestMethod(Invoker.java:719)
at org.testng.internal.Invoker.invokeTestMethods(Invoker.java:989)
at org.testng.internal.TestMethodWorker.invokeTestMethods(TestMethodWorker.java:125)
at org.testng.internal.TestMethodWorker.run(TestMethodWorker.java:109)
at org.testng.TestRunner.privateRun(TestRunner.java:648)
at org.testng.TestRunner.run(TestRunner.java:505)
at org.testng.SuiteRunner.runTest(SuiteRunner.java:455)
at org.testng.SuiteRunner.access$000(SuiteRunner.java:40)
at org.testng.SuiteRunner$SuiteWorker.run(SuiteRunner.java:489)
at org.testng.internal.thread.ThreadUtil$1.call(ThreadUtil.java:52)
at java.util.concurrent.FutureTask.run(Unknown Source)
at java.util.concurrent.ThreadPoolExecutor.runWorker(Unknown Source)
at java.util.concurrent.ThreadPoolExecutor$Worker.run(Unknown Source)
at java.lang.Thread.run(Unknown Source)
]]>
    </error>
  </testcase> <!-- setup -->
</testsuite> <!-- com.project.Ecommerce.LinksTesting1 -->
